<?xml version="1.0" encoding="UTF-8"?>
<!-- Generated by org.testng.reporters.JUnitXMLReporter -->
<testsuite ignored="0" hostname="DESKTOP-UI8HJNH" failures="0" tests="4" name="Default test" time="58.608" errors="0" timestamp="2021-08-17T19:44:49 IST">
  <testcase classname="org.loginexample.LoginTestCase" name="loginWithBothcorrect" time="14.491"/>
  <testcase classname="org.loginexample.LoginTestCase" name="loginWithBothcorrect" time="8.593"/>
  <testcase classname="org.loginexample.LoginTestCase" name="loginWithBothcorrect" time="18.5"/>
  <testcase classname="org.loginexample.LoginTestCase" name="loginWithBothcorrect" time="16.74"/>
</testsuite> <!-- Default test -->
