<?xml version="1.0" encoding="UTF-8"?>
<testng-results ignored="0" total="2" passed="2" failed="0" skipped="0">
  <reporter-output>
  </reporter-output>
  <suite started-at="2021-09-12T17:58:14 IST" name="Default suite" finished-at="2021-09-12T17:58:37 IST" duration-ms="22882">
    <groups>
    </groups>
    <test started-at="2021-09-12T17:58:14 IST" name="Default test" finished-at="2021-09-12T17:58:37 IST" duration-ms="22882">
      <class name="com.extentreportsframework.ExtentReportFrameWorkExample">
        <test-method is-config="true" signature="launchingBrowser()[pri:0, instance:com.extentreportsframework.ExtentReportFrameWorkExample@2fd1433e]" started-at="2021-09-12T17:58:14 IST" name="launchingBrowser" finished-at="2021-09-12T17:58:17 IST" duration-ms="2524" status="PASS">
          <reporter-output>
          </reporter-output>
        </test-method> <!-- launchingBrowser -->
        <test-method signature="openFaceBook()[pri:0, instance:com.extentreportsframework.ExtentReportFrameWorkExample@2fd1433e]" started-at="2021-09-12T17:58:17 IST" name="openFaceBook" finished-at="2021-09-12T17:58:21 IST" duration-ms="3795" status="PASS">
          <reporter-output>
          </reporter-output>
        </test-method> <!-- openFaceBook -->
        <test-method signature="openInstagram()[pri:0, instance:com.extentreportsframework.ExtentReportFrameWorkExample@2fd1433e]" started-at="2021-09-12T17:58:21 IST" name="openInstagram" finished-at="2021-09-12T17:58:37 IST" duration-ms="15962" status="PASS">
          <reporter-output>
          </reporter-output>
        </test-method> <!-- openInstagram -->
        <test-method is-config="true" signature="quittingBrowser()[pri:0, instance:com.extentreportsframework.ExtentReportFrameWorkExample@2fd1433e]" started-at="2021-09-12T17:58:37 IST" name="quittingBrowser" finished-at="2021-09-12T17:58:37 IST" duration-ms="542" status="PASS">
          <reporter-output>
          </reporter-output>
        </test-method> <!-- quittingBrowser -->
      </class> <!-- com.extentreportsframework.ExtentReportFrameWorkExample -->
    </test> <!-- Default test -->
  </suite> <!-- Default suite -->
</testng-results>
