<?xml version="1.0" encoding="UTF-8"?>
<testng-results ignored="0" total="4" passed="4" failed="0" skipped="0">
  <reporter-output>
  </reporter-output>
  <suite started-at="2021-08-17T19:43:50 IST" name="Default suite" finished-at="2021-08-17T19:44:49 IST" duration-ms="58608">
    <groups>
    </groups>
    <test started-at="2021-08-17T19:43:50 IST" name="Default test" finished-at="2021-08-17T19:44:49 IST" duration-ms="58608">
      <class name="org.loginexample.LoginTestCase">
        <test-method signature="loginWithBothcorrect(java.lang.String,java.lang.String)[pri:0, instance:org.loginexample.LoginTestCase@2f8dad04]" started-at="2021-08-17T19:43:50 IST" name="loginWithBothcorrect" data-provider="loginData" finished-at="2021-08-17T19:44:05 IST" duration-ms="14491" status="PASS">
          <params>
            <param index="0">
              <value>
                <![CDATA[Admin]]>
              </value>
            </param>
            <param index="1">
              <value>
                <![CDATA[admin123]]>
              </value>
            </param>
          </params>
          <reporter-output>
          </reporter-output>
        </test-method> <!-- loginWithBothcorrect -->
        <test-method signature="loginWithBothcorrect(java.lang.String,java.lang.String)[pri:0, instance:org.loginexample.LoginTestCase@2f8dad04]" started-at="2021-08-17T19:44:05 IST" name="loginWithBothcorrect" data-provider="loginData" finished-at="2021-08-17T19:44:14 IST" duration-ms="8593" status="PASS">
          <params>
            <param index="0">
              <value>
                <![CDATA[Admin1]]>
              </value>
            </param>
            <param index="1">
              <value>
                <![CDATA[admin123]]>
              </value>
            </param>
          </params>
          <reporter-output>
          </reporter-output>
        </test-method> <!-- loginWithBothcorrect -->
        <test-method signature="loginWithBothcorrect(java.lang.String,java.lang.String)[pri:0, instance:org.loginexample.LoginTestCase@2f8dad04]" started-at="2021-08-17T19:44:14 IST" name="loginWithBothcorrect" data-provider="loginData" finished-at="2021-08-17T19:44:32 IST" duration-ms="18500" status="PASS">
          <params>
            <param index="0">
              <value>
                <![CDATA[Admin]]>
              </value>
            </param>
            <param index="1">
              <value>
                <![CDATA[admin]]>
              </value>
            </param>
          </params>
          <reporter-output>
          </reporter-output>
        </test-method> <!-- loginWithBothcorrect -->
        <test-method signature="loginWithBothcorrect(java.lang.String,java.lang.String)[pri:0, instance:org.loginexample.LoginTestCase@2f8dad04]" started-at="2021-08-17T19:44:32 IST" name="loginWithBothcorrect" data-provider="loginData" finished-at="2021-08-17T19:44:49 IST" duration-ms="16740" status="PASS">
          <params>
            <param index="0">
              <value>
                <![CDATA[Admin1]]>
              </value>
            </param>
            <param index="1">
              <value>
                <![CDATA[admin13]]>
              </value>
            </param>
          </params>
          <reporter-output>
          </reporter-output>
        </test-method> <!-- loginWithBothcorrect -->
      </class> <!-- org.loginexample.LoginTestCase -->
    </test> <!-- Default test -->
  </suite> <!-- Default suite -->
</testng-results>
