<?xml version="1.0" encoding="UTF-8"?>
<!-- Generated by org.testng.reporters.JUnitXMLReporter -->
<testsuite ignored="0" hostname="DESKTOP-UI8HJNH" failures="0" tests="2" name="Default test" time="22.882" errors="0" timestamp="2021-09-12T17:58:37 IST">
  <testcase classname="com.extentreportsframework.ExtentReportFrameWorkExample" name="openFaceBook" time="3.795"/>
  <testcase classname="com.extentreportsframework.ExtentReportFrameWorkExample" name="openInstagram" time="15.962"/>
</testsuite> <!-- Default test -->
