<?xml version="1.0" encoding="UTF-8"?>
<!-- Generated by org.testng.reporters.JUnitXMLReporter -->
<testsuite ignored="0" hostname="DESKTOP-UI8HJNH" failures="0" tests="4" name=" login Test Cases " time="53.632" errors="0" timestamp="2021-08-17T16:35:10 IST">
  <testcase classname="org.loginexample.LoginTestCase" name="loginWithBothcorrect" time="25.309"/>
  <testcase classname="org.loginexample.LoginTestCase" name="loginWithBothcorrect" time="10.209"/>
  <testcase classname="org.loginexample.LoginTestCase" name="loginWithBothcorrect" time="9.609"/>
  <testcase classname="org.loginexample.LoginTestCase" name="loginWithBothcorrect" time="8.385"/>
</testsuite> <!--  login Test Cases  -->
