<?xml version="1.0" encoding="UTF-8"?>
<!-- Generated by org.testng.reporters.JUnitXMLReporter -->
<testsuite ignored="0" hostname="DESKTOP-UI8HJNH" failures="0" tests="4" name=" login Test Cases" time="63.767" errors="0" timestamp="2021-08-16T19:11:29 IST">
  <testcase classname="org.loginexample.BothCorrect" name="loginWithBothcorrect" time="35.288"/>
  <testcase classname="org.loginexample.BothIncorrect" name="loginWithBothIncorrect" time="10.458"/>
  <testcase classname="org.loginexample.CorrectPassword" name="loginWithcorrectPassword" time="8.7"/>
  <testcase classname="org.loginexample.CorrectUserName" name="loginWithcorrectUserName" time="9.234"/>
</testsuite> <!--  login Test Cases -->
