<?xml version="1.0" encoding="UTF-8"?>
<testng-results ignored="0" total="1" passed="1" failed="0" skipped="0">
  <reporter-output>
  </reporter-output>
  <suite started-at="2021-10-25T17:04:35 IST" name="Default suite" finished-at="2021-10-25T17:04:59 IST" duration-ms="23760">
    <groups>
    </groups>
    <test started-at="2021-10-25T17:04:35 IST" name="Default test" finished-at="2021-10-25T17:04:59 IST" duration-ms="23760">
      <class name="org.mavenmain.OrderingAProduct">
        <test-method is-config="true" signature="launchingBrowser()[pri:0, instance:org.mavenmain.OrderingAProduct@54a7079e]" started-at="2021-10-25T17:04:32 IST" name="launchingBrowser" finished-at="2021-10-25T17:04:35 IST" duration-ms="3663" status="PASS">
          <reporter-output>
          </reporter-output>
        </test-method> <!-- launchingBrowser -->
        <test-method is-config="true" signature="startingTheTestCaseOrderingAProduct()[pri:0, instance:org.mavenmain.OrderingAProduct@54a7079e]" started-at="2021-10-25T17:04:36 IST" name="startingTheTestCaseOrderingAProduct" finished-at="2021-10-25T17:04:36 IST" duration-ms="1" status="PASS">
          <reporter-output>
          </reporter-output>
        </test-method> <!-- startingTheTestCaseOrderingAProduct -->
        <test-method signature="orderingAProductTestCase()[pri:0, instance:org.mavenmain.OrderingAProduct@54a7079e]" started-at="2021-10-25T17:04:36 IST" name="orderingAProductTestCase" finished-at="2021-10-25T17:04:59 IST" duration-ms="23580" status="PASS">
          <reporter-output>
          </reporter-output>
        </test-method> <!-- orderingAProductTestCase -->
        <test-method is-config="true" signature="complltetionOffirstTestCase()[pri:0, instance:org.mavenmain.OrderingAProduct@54a7079e]" started-at="2021-10-25T17:04:59 IST" name="complltetionOffirstTestCase" finished-at="2021-10-25T17:04:59 IST" duration-ms="0" status="PASS">
          <reporter-output>
          </reporter-output>
        </test-method> <!-- complltetionOffirstTestCase -->
        <test-method is-config="true" signature="quittedBrowser()[pri:0, instance:org.mavenmain.OrderingAProduct@54a7079e]" started-at="2021-10-25T17:04:59 IST" name="quittedBrowser" finished-at="2021-10-25T17:04:59 IST" duration-ms="1" status="PASS">
          <reporter-output>
          </reporter-output>
        </test-method> <!-- quittedBrowser -->
      </class> <!-- org.mavenmain.OrderingAProduct -->
    </test> <!-- Default test -->
  </suite> <!-- Default suite -->
</testng-results>
